<?xml version="1.0" encoding="UTF-8"?>
<!-- Generated by org.testng.reporters.JUnitReportReporter -->
<testsuite hostname="AVINASH" failures="0" tests="1" name="TestCaseDemo.Test2" time="9.571" errors="0" timestamp="2025-03-11T11:06:21 IST" skipped="0">
  <testcase classname="TestCaseDemo.Test2" name="testloginbutton" time="9.571">
    <system-out>
      <![CDATA[Login successful]]>
    </system-out>
  </testcase> <!-- testloginbutton -->
  <system-out>
    <![CDATA[Login successful
Searching is done]]>
  </system-out>
</testsuite> <!-- TestCaseDemo.Test2 -->
