<?xml version="1.0" encoding="UTF-8"?>
<!-- Generated by org.testng.reporters.JUnitReportReporter -->
<testsuite hostname="AVINASH" failures="0" tests="1" name="TestCaseDemo.Test3" time="11.809" errors="0" timestamp="2025-03-11T11:06:21 IST" skipped="0">
  <testcase classname="TestCaseDemo.Test3" name="testsearch" time="11.809">
    <system-out>
      <![CDATA[Searching is done]]>
    </system-out>
  </testcase> <!-- testsearch -->
  <system-out>
    <![CDATA[Login successful
Searching is done]]>
  </system-out>
</testsuite> <!-- TestCaseDemo.Test3 -->
